{"C:\\Users\\jetha\\OneDrive\\Desktop\\Documents\\language\\MERN stack project\\Car_Inventory\\backend\\app.js": {"path":"C:\\Users\\jetha\\OneDrive\\Desktop\\Documents\\language\\MERN stack project\\Car_Inventory\\backend\\app.js","statementMap":{"0":{"start":{"line":9,"column":12},"end":{"line":9,"column":21}},"1":{"start":{"line":11,"column":0},"end":{"line":11,"column":13}},"2":{"start":{"line":13,"column":0},"end":{"line":16,"column":4}},"3":{"start":{"line":17,"column":0},"end":{"line":17,"column":24}},"4":{"start":{"line":18,"column":0},"end":{"line":18,"column":24}},"5":{"start":{"line":20,"column":0},"end":{"line":20,"column":31}},"6":{"start":{"line":21,"column":0},"end":{"line":21,"column":42}},"7":{"start":{"line":22,"column":0},"end":{"line":22,"column":40}}},"fnMap":{},"branchMap":{},"s":{"0":2,"1":2,"2":2,"3":2,"4":2,"5":2,"6":2,"7":2},"f":{},"b":{},"_coverageSchema":"1a1c01bbd47fc00a2c39e90264f33305004495a9","hash":"a46d00bb9e46853d02205a96d5da964400cf4758"}
,"C:\\Users\\jetha\\OneDrive\\Desktop\\Documents\\language\\MERN stack project\\Car_Inventory\\backend\\database-connection.js": {"path":"C:\\Users\\jetha\\OneDrive\\Desktop\\Documents\\language\\MERN stack project\\Car_Inventory\\backend\\database-connection.js","statementMap":{"0":{"start":{"line":4,"column":0},"end":{"line":4,"column":16}},"1":{"start":{"line":6,"column":19},"end":{"line":13,"column":1}},"2":{"start":{"line":7,"column":16},"end":{"line":7,"column":39}},"3":{"start":{"line":9,"column":4},"end":{"line":12,"column":10}},"4":{"start":{"line":10,"column":8},"end":{"line":10,"column":38}}},"fnMap":{"0":{"name":"(anonymous_0)","decl":{"start":{"line":6,"column":19},"end":{"line":6,"column":20}},"loc":{"start":{"line":6,"column":25},"end":{"line":13,"column":1}},"line":6},"1":{"name":"(anonymous_1)","decl":{"start":{"line":9,"column":31},"end":{"line":9,"column":32}},"loc":{"start":{"line":10,"column":8},"end":{"line":10,"column":38}},"line":10},"2":{"name":"(anonymous_2)","decl":{"start":{"line":10,"column":46},"end":{"line":10,"column":47}},"loc":{"start":{"line":10,"column":53},"end":{"line":12,"column":9}},"line":10}},"branchMap":{},"s":{"0":2,"1":2,"2":2,"3":2,"4":2},"f":{"0":2,"1":2,"2":0},"b":{},"_coverageSchema":"1a1c01bbd47fc00a2c39e90264f33305004495a9","hash":"9205151c09aafaa4d14a0ee23640fa6e8e24e84b"}
,"C:\\Users\\jetha\\OneDrive\\Desktop\\Documents\\language\\MERN stack project\\Car_Inventory\\backend\\Controller\\admin-controller.js": {"path":"C:\\Users\\jetha\\OneDrive\\Desktop\\Documents\\language\\MERN stack project\\Car_Inventory\\backend\\Controller\\admin-controller.js","statementMap":{"0":{"start":{"line":4,"column":33},"end":{"line":35,"column":1}},"1":{"start":{"line":7,"column":4},"end":{"line":12,"column":5}},"2":{"start":{"line":8,"column":8},"end":{"line":11,"column":10}},"3":{"start":{"line":14,"column":4},"end":{"line":34,"column":5}},"4":{"start":{"line":16,"column":23},"end":{"line":16,"column":61}},"5":{"start":{"line":20,"column":8},"end":{"line":24,"column":10}},"6":{"start":{"line":29,"column":8},"end":{"line":32,"column":10}},"7":{"start":{"line":38,"column":26},"end":{"line":74,"column":1}},"8":{"start":{"line":40,"column":4},"end":{"line":73,"column":5}},"9":{"start":{"line":47,"column":25},"end":{"line":47,"column":33}},"10":{"start":{"line":49,"column":32},"end":{"line":56,"column":10}},"11":{"start":{"line":58,"column":8},"end":{"line":58,"column":36}},"12":{"start":{"line":60,"column":8},"end":{"line":64,"column":10}},"13":{"start":{"line":69,"column":8},"end":{"line":72,"column":10}},"14":{"start":{"line":77,"column":27},"end":{"line":97,"column":1}},"15":{"start":{"line":79,"column":4},"end":{"line":96,"column":5}},"16":{"start":{"line":81,"column":28},"end":{"line":81,"column":50}},"17":{"start":{"line":83,"column":8},"end":{"line":87,"column":10}},"18":{"start":{"line":92,"column":8},"end":{"line":95,"column":10}},"19":{"start":{"line":100,"column":29},"end":{"line":144,"column":1}},"20":{"start":{"line":101,"column":4},"end":{"line":143,"column":5}},"21":{"start":{"line":102,"column":23},"end":{"line":102,"column":33}},"22":{"start":{"line":110,"column":25},"end":{"line":110,"column":33}},"23":{"start":{"line":112,"column":28},"end":{"line":112,"column":54}},"24":{"start":{"line":114,"column":8},"end":{"line":119,"column":9}},"25":{"start":{"line":115,"column":12},"end":{"line":118,"column":14}},"26":{"start":{"line":121,"column":8},"end":{"line":121,"column":55}},"27":{"start":{"line":122,"column":8},"end":{"line":122,"column":52}},"28":{"start":{"line":123,"column":8},"end":{"line":123,"column":55}},"29":{"start":{"line":124,"column":8},"end":{"line":124,"column":64}},"30":{"start":{"line":125,"column":8},"end":{"line":125,"column":63}},"31":{"start":{"line":126,"column":8},"end":{"line":126,"column":72}},"32":{"start":{"line":128,"column":8},"end":{"line":128,"column":33}},"33":{"start":{"line":130,"column":8},"end":{"line":134,"column":10}},"34":{"start":{"line":137,"column":8},"end":{"line":137,"column":25}},"35":{"start":{"line":139,"column":8},"end":{"line":142,"column":10}},"36":{"start":{"line":147,"column":29},"end":{"line":174,"column":1}},"37":{"start":{"line":149,"column":4},"end":{"line":173,"column":5}},"38":{"start":{"line":150,"column":23},"end":{"line":150,"column":33}},"39":{"start":{"line":152,"column":23},"end":{"line":152,"column":67}},"40":{"start":{"line":154,"column":8},"end":{"line":159,"column":9}},"41":{"start":{"line":155,"column":12},"end":{"line":158,"column":14}},"42":{"start":{"line":161,"column":8},"end":{"line":164,"column":10}},"43":{"start":{"line":167,"column":8},"end":{"line":167,"column":25}},"44":{"start":{"line":169,"column":8},"end":{"line":172,"column":10}},"45":{"start":{"line":178,"column":23},"end":{"line":204,"column":1}},"46":{"start":{"line":179,"column":4},"end":{"line":203,"column":5}},"47":{"start":{"line":180,"column":23},"end":{"line":180,"column":33}},"48":{"start":{"line":181,"column":27},"end":{"line":181,"column":35}},"49":{"start":{"line":183,"column":8},"end":{"line":185,"column":9}},"50":{"start":{"line":184,"column":12},"end":{"line":184,"column":102}},"51":{"start":{"line":187,"column":24},"end":{"line":187,"column":57}},"52":{"start":{"line":189,"column":8},"end":{"line":191,"column":9}},"53":{"start":{"line":190,"column":12},"end":{"line":190,"column":72}},"54":{"start":{"line":193,"column":8},"end":{"line":193,"column":35}},"55":{"start":{"line":194,"column":8},"end":{"line":194,"column":29}},"56":{"start":{"line":196,"column":8},"end":{"line":199,"column":11}},"57":{"start":{"line":202,"column":8},"end":{"line":202,"column":82}}},"fnMap":{"0":{"name":"(anonymous_0)","decl":{"start":{"line":4,"column":33},"end":{"line":4,"column":34}},"loc":{"start":{"line":4,"column":53},"end":{"line":35,"column":1}},"line":4},"1":{"name":"(anonymous_1)","decl":{"start":{"line":38,"column":26},"end":{"line":38,"column":27}},"loc":{"start":{"line":38,"column":46},"end":{"line":74,"column":1}},"line":38},"2":{"name":"(anonymous_2)","decl":{"start":{"line":77,"column":27},"end":{"line":77,"column":28}},"loc":{"start":{"line":77,"column":47},"end":{"line":97,"column":1}},"line":77},"3":{"name":"(anonymous_3)","decl":{"start":{"line":100,"column":29},"end":{"line":100,"column":30}},"loc":{"start":{"line":100,"column":49},"end":{"line":144,"column":1}},"line":100},"4":{"name":"(anonymous_4)","decl":{"start":{"line":147,"column":29},"end":{"line":147,"column":30}},"loc":{"start":{"line":147,"column":49},"end":{"line":174,"column":1}},"line":147},"5":{"name":"(anonymous_5)","decl":{"start":{"line":178,"column":23},"end":{"line":178,"column":24}},"loc":{"start":{"line":178,"column":43},"end":{"line":204,"column":1}},"line":178}},"branchMap":{"0":{"loc":{"start":{"line":7,"column":4},"end":{"line":12,"column":5}},"type":"if","locations":[{"start":{"line":7,"column":4},"end":{"line":12,"column":5}},{"start":{},"end":{}}],"line":7},"1":{"loc":{"start":{"line":114,"column":8},"end":{"line":119,"column":9}},"type":"if","locations":[{"start":{"line":114,"column":8},"end":{"line":119,"column":9}},{"start":{},"end":{}}],"line":114},"2":{"loc":{"start":{"line":121,"column":28},"end":{"line":121,"column":54}},"type":"binary-expr","locations":[{"start":{"line":121,"column":28},"end":{"line":121,"column":33}},{"start":{"line":121,"column":37},"end":{"line":121,"column":54}}],"line":121},"3":{"loc":{"start":{"line":122,"column":27},"end":{"line":122,"column":51}},"type":"binary-expr","locations":[{"start":{"line":122,"column":27},"end":{"line":122,"column":31}},{"start":{"line":122,"column":35},"end":{"line":122,"column":51}}],"line":122},"4":{"loc":{"start":{"line":123,"column":28},"end":{"line":123,"column":54}},"type":"binary-expr","locations":[{"start":{"line":123,"column":28},"end":{"line":123,"column":33}},{"start":{"line":123,"column":37},"end":{"line":123,"column":54}}],"line":123},"5":{"loc":{"start":{"line":124,"column":31},"end":{"line":124,"column":63}},"type":"binary-expr","locations":[{"start":{"line":124,"column":31},"end":{"line":124,"column":39}},{"start":{"line":124,"column":43},"end":{"line":124,"column":63}}],"line":124},"6":{"loc":{"start":{"line":125,"column":28},"end":{"line":125,"column":62}},"type":"binary-expr","locations":[{"start":{"line":125,"column":28},"end":{"line":125,"column":41}},{"start":{"line":125,"column":45},"end":{"line":125,"column":62}}],"line":125},"7":{"loc":{"start":{"line":126,"column":31},"end":{"line":126,"column":71}},"type":"binary-expr","locations":[{"start":{"line":126,"column":31},"end":{"line":126,"column":47}},{"start":{"line":126,"column":51},"end":{"line":126,"column":71}}],"line":126},"8":{"loc":{"start":{"line":154,"column":8},"end":{"line":159,"column":9}},"type":"if","locations":[{"start":{"line":154,"column":8},"end":{"line":159,"column":9}},{"start":{},"end":{}}],"line":154},"9":{"loc":{"start":{"line":183,"column":8},"end":{"line":185,"column":9}},"type":"if","locations":[{"start":{"line":183,"column":8},"end":{"line":185,"column":9}},{"start":{},"end":{}}],"line":183},"10":{"loc":{"start":{"line":183,"column":12},"end":{"line":183,"column":64}},"type":"binary-expr","locations":[{"start":{"line":183,"column":12},"end":{"line":183,"column":19}},{"start":{"line":183,"column":23},"end":{"line":183,"column":49}},{"start":{"line":183,"column":53},"end":{"line":183,"column":64}}],"line":183},"11":{"loc":{"start":{"line":189,"column":8},"end":{"line":191,"column":9}},"type":"if","locations":[{"start":{"line":189,"column":8},"end":{"line":191,"column":9}},{"start":{},"end":{}}],"line":189}},"s":{"0":2,"1":0,"2":0,"3":0,"4":0,"5":0,"6":0,"7":2,"8":1,"9":1,"10":1,"11":1,"12":1,"13":0,"14":2,"15":1,"16":1,"17":1,"18":0,"19":2,"20":1,"21":1,"22":1,"23":1,"24":1,"25":0,"26":1,"27":1,"28":1,"29":1,"30":1,"31":1,"32":1,"33":1,"34":0,"35":0,"36":2,"37":1,"38":1,"39":1,"40":1,"41":0,"42":1,"43":0,"44":0,"45":2,"46":0,"47":0,"48":0,"49":0,"50":0,"51":0,"52":0,"53":0,"54":0,"55":0,"56":0,"57":0},"f":{"0":0,"1":1,"2":1,"3":1,"4":1,"5":0},"b":{"0":[0,0],"1":[0,1],"2":[1,1],"3":[1,0],"4":[1,0],"5":[1,0],"6":[1,0],"7":[1,0],"8":[0,1],"9":[0,0],"10":[0,0,0],"11":[0,0]},"_coverageSchema":"1a1c01bbd47fc00a2c39e90264f33305004495a9","hash":"ede10704f4d5dc689a81fdc9e22ea13e678aa231"}
,"C:\\Users\\jetha\\OneDrive\\Desktop\\Documents\\language\\MERN stack project\\Car_Inventory\\backend\\Controller\\auth-controller.js": {"path":"C:\\Users\\jetha\\OneDrive\\Desktop\\Documents\\language\\MERN stack project\\Car_Inventory\\backend\\Controller\\auth-controller.js","statementMap":{"0":{"start":{"line":5,"column":23},"end":{"line":38,"column":1}},"1":{"start":{"line":7,"column":36},"end":{"line":7,"column":44}},"2":{"start":{"line":9,"column":4},"end":{"line":37,"column":5}},"3":{"start":{"line":11,"column":26},"end":{"line":11,"column":53}},"4":{"start":{"line":12,"column":8},"end":{"line":14,"column":9}},"5":{"start":{"line":13,"column":12},"end":{"line":13,"column":116}},"6":{"start":{"line":16,"column":29},"end":{"line":16,"column":61}},"7":{"start":{"line":17,"column":24},"end":{"line":21,"column":10}},"8":{"start":{"line":23,"column":8},"end":{"line":23,"column":29}},"9":{"start":{"line":25,"column":8},"end":{"line":28,"column":10}},"10":{"start":{"line":31,"column":6},"end":{"line":31,"column":21}},"11":{"start":{"line":33,"column":8},"end":{"line":36,"column":10}},"12":{"start":{"line":42,"column":20},"end":{"line":92,"column":1}},"13":{"start":{"line":44,"column":27},"end":{"line":44,"column":35}},"14":{"start":{"line":46,"column":4},"end":{"line":91,"column":5}},"15":{"start":{"line":48,"column":26},"end":{"line":48,"column":53}},"16":{"start":{"line":50,"column":8},"end":{"line":55,"column":9}},"17":{"start":{"line":51,"column":12},"end":{"line":54,"column":14}},"18":{"start":{"line":57,"column":30},"end":{"line":57,"column":81}},"19":{"start":{"line":59,"column":8},"end":{"line":64,"column":9}},"20":{"start":{"line":60,"column":12},"end":{"line":63,"column":14}},"21":{"start":{"line":66,"column":22},"end":{"line":71,"column":48}},"22":{"start":{"line":74,"column":8},"end":{"line":83,"column":10}},"23":{"start":{"line":87,"column":8},"end":{"line":90,"column":10}},"24":{"start":{"line":99,"column":22},"end":{"line":104,"column":1}},"25":{"start":{"line":100,"column":4},"end":{"line":103,"column":7}},"26":{"start":{"line":109,"column":30},"end":{"line":130,"column":1}},"27":{"start":{"line":110,"column":18},"end":{"line":110,"column":35}},"28":{"start":{"line":112,"column":4},"end":{"line":117,"column":5}},"29":{"start":{"line":113,"column":8},"end":{"line":116,"column":10}},"30":{"start":{"line":119,"column":4},"end":{"line":128,"column":5}},"31":{"start":{"line":120,"column":24},"end":{"line":120,"column":70}},"32":{"start":{"line":121,"column":8},"end":{"line":121,"column":27}},"33":{"start":{"line":122,"column":8},"end":{"line":122,"column":22}},"34":{"start":{"line":124,"column":8},"end":{"line":127,"column":10}}},"fnMap":{"0":{"name":"(anonymous_0)","decl":{"start":{"line":5,"column":23},"end":{"line":5,"column":24}},"loc":{"start":{"line":5,"column":40},"end":{"line":38,"column":1}},"line":5},"1":{"name":"(anonymous_1)","decl":{"start":{"line":42,"column":20},"end":{"line":42,"column":21}},"loc":{"start":{"line":42,"column":37},"end":{"line":92,"column":1}},"line":42},"2":{"name":"(anonymous_2)","decl":{"start":{"line":99,"column":22},"end":{"line":99,"column":23}},"loc":{"start":{"line":99,"column":33},"end":{"line":104,"column":1}},"line":99},"3":{"name":"(anonymous_3)","decl":{"start":{"line":109,"column":30},"end":{"line":109,"column":31}},"loc":{"start":{"line":109,"column":46},"end":{"line":130,"column":1}},"line":109}},"branchMap":{"0":{"loc":{"start":{"line":12,"column":8},"end":{"line":14,"column":9}},"type":"if","locations":[{"start":{"line":12,"column":8},"end":{"line":14,"column":9}},{"start":{},"end":{}}],"line":12},"1":{"loc":{"start":{"line":50,"column":8},"end":{"line":55,"column":9}},"type":"if","locations":[{"start":{"line":50,"column":8},"end":{"line":55,"column":9}},{"start":{},"end":{}}],"line":50},"2":{"loc":{"start":{"line":59,"column":8},"end":{"line":64,"column":9}},"type":"if","locations":[{"start":{"line":59,"column":8},"end":{"line":64,"column":9}},{"start":{},"end":{}}],"line":59},"3":{"loc":{"start":{"line":112,"column":4},"end":{"line":117,"column":5}},"type":"if","locations":[{"start":{"line":112,"column":4},"end":{"line":117,"column":5}},{"start":{},"end":{}}],"line":112}},"s":{"0":2,"1":4,"2":4,"3":4,"4":4,"5":1,"6":3,"7":3,"8":3,"9":1,"10":2,"11":2,"12":2,"13":1,"14":1,"15":1,"16":1,"17":0,"18":1,"19":1,"20":0,"21":1,"22":1,"23":0,"24":2,"25":1,"26":2,"27":0,"28":0,"29":0,"30":0,"31":0,"32":0,"33":0,"34":0},"f":{"0":4,"1":1,"2":1,"3":0},"b":{"0":[1,3],"1":[0,1],"2":[0,1],"3":[0,0]},"_coverageSchema":"1a1c01bbd47fc00a2c39e90264f33305004495a9","hash":"3dec16890c0480a2a8ee6d6ac417713574d4ec76"}
,"C:\\Users\\jetha\\OneDrive\\Desktop\\Documents\\language\\MERN stack project\\Car_Inventory\\backend\\Controller\\user-controller.js": {"path":"C:\\Users\\jetha\\OneDrive\\Desktop\\Documents\\language\\MERN stack project\\Car_Inventory\\backend\\Controller\\user-controller.js","statementMap":{"0":{"start":{"line":5,"column":31},"end":{"line":41,"column":1}},"1":{"start":{"line":7,"column":4},"end":{"line":40,"column":5}},"2":{"start":{"line":8,"column":23},"end":{"line":8,"column":33}},"3":{"start":{"line":10,"column":28},"end":{"line":10,"column":54}},"4":{"start":{"line":12,"column":8},"end":{"line":17,"column":9}},"5":{"start":{"line":13,"column":12},"end":{"line":16,"column":14}},"6":{"start":{"line":19,"column":8},"end":{"line":21,"column":9}},"7":{"start":{"line":20,"column":12},"end":{"line":20,"column":93}},"8":{"start":{"line":23,"column":8},"end":{"line":23,"column":34}},"9":{"start":{"line":25,"column":8},"end":{"line":25,"column":33}},"10":{"start":{"line":27,"column":8},"end":{"line":31,"column":10}},"11":{"start":{"line":36,"column":8},"end":{"line":39,"column":10}}},"fnMap":{"0":{"name":"(anonymous_0)","decl":{"start":{"line":5,"column":31},"end":{"line":5,"column":32}},"loc":{"start":{"line":5,"column":51},"end":{"line":41,"column":1}},"line":5}},"branchMap":{"0":{"loc":{"start":{"line":12,"column":8},"end":{"line":17,"column":9}},"type":"if","locations":[{"start":{"line":12,"column":8},"end":{"line":17,"column":9}},{"start":{},"end":{}}],"line":12},"1":{"loc":{"start":{"line":19,"column":8},"end":{"line":21,"column":9}},"type":"if","locations":[{"start":{"line":19,"column":8},"end":{"line":21,"column":9}},{"start":{},"end":{}}],"line":19}},"s":{"0":2,"1":1,"2":1,"3":1,"4":1,"5":0,"6":1,"7":0,"8":1,"9":1,"10":1,"11":0},"f":{"0":1},"b":{"0":[0,1],"1":[0,1]},"_coverageSchema":"1a1c01bbd47fc00a2c39e90264f33305004495a9","hash":"f8dcb770cf074e4fe107b91e5abac174dc50820b"}
,"C:\\Users\\jetha\\OneDrive\\Desktop\\Documents\\language\\MERN stack project\\Car_Inventory\\backend\\Model\\User.js": {"path":"C:\\Users\\jetha\\OneDrive\\Desktop\\Documents\\language\\MERN stack project\\Car_Inventory\\backend\\Model\\User.js","statementMap":{"0":{"start":{"line":3,"column":19},"end":{"line":22,"column":2}},"1":{"start":{"line":25,"column":13},"end":{"line":25,"column":46}}},"fnMap":{},"branchMap":{},"s":{"0":2,"1":2},"f":{},"b":{},"_coverageSchema":"1a1c01bbd47fc00a2c39e90264f33305004495a9","hash":"7fa0b16ad0d18a44f6fb10cf214ef86f92430e38"}
,"C:\\Users\\jetha\\OneDrive\\Desktop\\Documents\\language\\MERN stack project\\Car_Inventory\\backend\\Model\\Vehicles.js": {"path":"C:\\Users\\jetha\\OneDrive\\Desktop\\Documents\\language\\MERN stack project\\Car_Inventory\\backend\\Model\\Vehicles.js","statementMap":{"0":{"start":{"line":4,"column":22},"end":{"line":31,"column":24}},"1":{"start":{"line":34,"column":16},"end":{"line":34,"column":56}}},"fnMap":{},"branchMap":{},"s":{"0":2,"1":2},"f":{},"b":{},"_coverageSchema":"1a1c01bbd47fc00a2c39e90264f33305004495a9","hash":"7720b05fecc18f5ec67192d0587413c50ee6c6cf"}
,"C:\\Users\\jetha\\OneDrive\\Desktop\\Documents\\language\\MERN stack project\\Car_Inventory\\backend\\Routes\\Admin\\vehiclesRoute.js": {"path":"C:\\Users\\jetha\\OneDrive\\Desktop\\Documents\\language\\MERN stack project\\Car_Inventory\\backend\\Routes\\Admin\\vehiclesRoute.js","statementMap":{"0":{"start":{"line":5,"column":19},"end":{"line":5,"column":35}},"1":{"start":{"line":7,"column":0},"end":{"line":7,"column":76}},"2":{"start":{"line":9,"column":0},"end":{"line":9,"column":39}},"3":{"start":{"line":10,"column":0},"end":{"line":10,"column":35}},"4":{"start":{"line":11,"column":0},"end":{"line":11,"column":44}},"5":{"start":{"line":12,"column":0},"end":{"line":12,"column":47}}},"fnMap":{},"branchMap":{},"s":{"0":2,"1":2,"2":2,"3":2,"4":2,"5":2},"f":{},"b":{},"_coverageSchema":"1a1c01bbd47fc00a2c39e90264f33305004495a9","hash":"161b79661de2d2ea4cbe05e42fbbdfa141cf4454"}
,"C:\\Users\\jetha\\OneDrive\\Desktop\\Documents\\language\\MERN stack project\\Car_Inventory\\backend\\Routes\\User\\userRoute.js": {"path":"C:\\Users\\jetha\\OneDrive\\Desktop\\Documents\\language\\MERN stack project\\Car_Inventory\\backend\\Routes\\User\\userRoute.js","statementMap":{"0":{"start":{"line":5,"column":18},"end":{"line":5,"column":34}},"1":{"start":{"line":7,"column":0},"end":{"line":7,"column":38}},"2":{"start":{"line":8,"column":0},"end":{"line":8,"column":48}}},"fnMap":{},"branchMap":{},"s":{"0":2,"1":2,"2":2},"f":{},"b":{},"_coverageSchema":"1a1c01bbd47fc00a2c39e90264f33305004495a9","hash":"53c396f4bb55b1ae2c497bc9d4c63dee1c0c0048"}
,"C:\\Users\\jetha\\OneDrive\\Desktop\\Documents\\language\\MERN stack project\\Car_Inventory\\backend\\Routes\\auth\\authRoute.js": {"path":"C:\\Users\\jetha\\OneDrive\\Desktop\\Documents\\language\\MERN stack project\\Car_Inventory\\backend\\Routes\\auth\\authRoute.js","statementMap":{"0":{"start":{"line":4,"column":18},"end":{"line":4,"column":34}},"1":{"start":{"line":6,"column":0},"end":{"line":6,"column":37}},"2":{"start":{"line":7,"column":0},"end":{"line":7,"column":31}},"3":{"start":{"line":8,"column":0},"end":{"line":8,"column":32}}},"fnMap":{},"branchMap":{},"s":{"0":2,"1":2,"2":2,"3":2},"f":{},"b":{},"_coverageSchema":"1a1c01bbd47fc00a2c39e90264f33305004495a9","hash":"912a98397456210217afc80d7829e7e598f69b98"}
,"C:\\Users\\jetha\\OneDrive\\Desktop\\Documents\\language\\MERN stack project\\Car_Inventory\\backend\\helpers\\cloudinary.js": {"path":"C:\\Users\\jetha\\OneDrive\\Desktop\\Documents\\language\\MERN stack project\\Car_Inventory\\backend\\helpers\\cloudinary.js","statementMap":{"0":{"start":{"line":3,"column":0},"end":{"line":3,"column":16}},"1":{"start":{"line":8,"column":0},"end":{"line":12,"column":2}},"2":{"start":{"line":14,"column":16},"end":{"line":14,"column":38}},"3":{"start":{"line":16,"column":22},"end":{"line":16,"column":41}},"4":{"start":{"line":18,"column":31},"end":{"line":32,"column":1}},"5":{"start":{"line":20,"column":2},"end":{"line":31,"column":5}},"6":{"start":{"line":21,"column":25},"end":{"line":27,"column":5}},"7":{"start":{"line":24,"column":8},"end":{"line":24,"column":40}},"8":{"start":{"line":24,"column":19},"end":{"line":24,"column":40}},"9":{"start":{"line":25,"column":8},"end":{"line":25,"column":24}},"10":{"start":{"line":30,"column":4},"end":{"line":30,"column":27}}},"fnMap":{"0":{"name":"(anonymous_0)","decl":{"start":{"line":18,"column":31},"end":{"line":18,"column":32}},"loc":{"start":{"line":18,"column":41},"end":{"line":32,"column":1}},"line":18},"1":{"name":"(anonymous_1)","decl":{"start":{"line":20,"column":21},"end":{"line":20,"column":22}},"loc":{"start":{"line":20,"column":42},"end":{"line":31,"column":3}},"line":20},"2":{"name":"(anonymous_2)","decl":{"start":{"line":23,"column":6},"end":{"line":23,"column":7}},"loc":{"start":{"line":23,"column":25},"end":{"line":26,"column":7}},"line":23}},"branchMap":{"0":{"loc":{"start":{"line":24,"column":8},"end":{"line":24,"column":40}},"type":"if","locations":[{"start":{"line":24,"column":8},"end":{"line":24,"column":40}},{"start":{},"end":{}}],"line":24}},"s":{"0":2,"1":2,"2":2,"3":2,"4":2,"5":0,"6":0,"7":0,"8":0,"9":0,"10":0},"f":{"0":0,"1":0,"2":0},"b":{"0":[0,0]},"_coverageSchema":"1a1c01bbd47fc00a2c39e90264f33305004495a9","hash":"dffec88f40d55ffba60e03004b0739bad72fecd8"}
}
