TN:
SF:app.js
FNF:0
FNH:0
DA:9,2
DA:11,2
DA:13,2
DA:17,2
DA:18,2
DA:20,2
DA:21,2
DA:22,2
LF:8
LH:8
BRF:0
BRH:0
end_of_record
TN:
SF:database-connection.js
FN:6,(anonymous_0)
FN:9,(anonymous_1)
FN:10,(anonymous_2)
FNF:3
FNH:2
FNDA:2,(anonymous_0)
FNDA:2,(anonymous_1)
FNDA:0,(anonymous_2)
DA:4,2
DA:6,2
DA:7,2
DA:9,2
DA:10,2
LF:5
LH:5
BRF:0
BRH:0
end_of_record
TN:
SF:Controller\admin-controller.js
FN:4,(anonymous_0)
FN:38,(anonymous_1)
FN:77,(anonymous_2)
FN:100,(anonymous_3)
FN:147,(anonymous_4)
FN:178,(anonymous_5)
FNF:6
FNH:4
FNDA:0,(anonymous_0)
FNDA:1,(anonymous_1)
FNDA:1,(anonymous_2)
FNDA:1,(anonymous_3)
FNDA:1,(anonymous_4)
FNDA:0,(anonymous_5)
DA:4,2
DA:7,0
DA:8,0
DA:14,0
DA:16,0
DA:20,0
DA:29,0
DA:38,2
DA:40,1
DA:47,1
DA:49,1
DA:58,1
DA:60,1
DA:69,0
DA:77,2
DA:79,1
DA:81,1
DA:83,1
DA:92,0
DA:100,2
DA:101,1
DA:102,1
DA:110,1
DA:112,1
DA:114,1
DA:115,0
DA:121,1
DA:122,1
DA:123,1
DA:124,1
DA:125,1
DA:126,1
DA:128,1
DA:130,1
DA:137,0
DA:139,0
DA:147,2
DA:149,1
DA:150,1
DA:152,1
DA:154,1
DA:155,0
DA:161,1
DA:167,0
DA:169,0
DA:178,2
DA:179,0
DA:180,0
DA:181,0
DA:183,0
DA:184,0
DA:187,0
DA:189,0
DA:190,0
DA:193,0
DA:194,0
DA:196,0
DA:202,0
LF:58
LH:32
BRDA:7,0,0,0
BRDA:7,0,1,0
BRDA:114,1,0,0
BRDA:114,1,1,1
BRDA:121,2,0,1
BRDA:121,2,1,1
BRDA:122,3,0,1
BRDA:122,3,1,0
BRDA:123,4,0,1
BRDA:123,4,1,0
BRDA:124,5,0,1
BRDA:124,5,1,0
BRDA:125,6,0,1
BRDA:125,6,1,0
BRDA:126,7,0,1
BRDA:126,7,1,0
BRDA:154,8,0,0
BRDA:154,8,1,1
BRDA:183,9,0,0
BRDA:183,9,1,0
BRDA:183,10,0,0
BRDA:183,10,1,0
BRDA:183,10,2,0
BRDA:189,11,0,0
BRDA:189,11,1,0
BRF:25
BRH:9
end_of_record
TN:
SF:Controller\auth-controller.js
FN:5,(anonymous_0)
FN:42,(anonymous_1)
FN:99,(anonymous_2)
FN:109,(anonymous_3)
FNF:4
FNH:3
FNDA:4,(anonymous_0)
FNDA:1,(anonymous_1)
FNDA:1,(anonymous_2)
FNDA:0,(anonymous_3)
DA:5,2
DA:7,4
DA:9,4
DA:11,4
DA:12,4
DA:13,1
DA:16,3
DA:17,3
DA:23,3
DA:25,1
DA:31,2
DA:33,2
DA:42,2
DA:44,1
DA:46,1
DA:48,1
DA:50,1
DA:51,0
DA:57,1
DA:59,1
DA:60,0
DA:66,1
DA:74,1
DA:87,0
DA:99,2
DA:100,1
DA:109,2
DA:110,0
DA:112,0
DA:113,0
DA:119,0
DA:120,0
DA:121,0
DA:122,0
DA:124,0
LF:35
LH:24
BRDA:12,0,0,1
BRDA:12,0,1,3
BRDA:50,1,0,0
BRDA:50,1,1,1
BRDA:59,2,0,0
BRDA:59,2,1,1
BRDA:112,3,0,0
BRDA:112,3,1,0
BRF:8
BRH:4
end_of_record
TN:
SF:Controller\user-controller.js
FN:5,(anonymous_0)
FNF:1
FNH:1
FNDA:1,(anonymous_0)
DA:5,2
DA:7,1
DA:8,1
DA:10,1
DA:12,1
DA:13,0
DA:19,1
DA:20,0
DA:23,1
DA:25,1
DA:27,1
DA:36,0
LF:12
LH:9
BRDA:12,0,0,0
BRDA:12,0,1,1
BRDA:19,1,0,0
BRDA:19,1,1,1
BRF:4
BRH:2
end_of_record
TN:
SF:Model\User.js
FNF:0
FNH:0
DA:3,2
DA:25,2
LF:2
LH:2
BRF:0
BRH:0
end_of_record
TN:
SF:Model\Vehicles.js
FNF:0
FNH:0
DA:4,2
DA:34,2
LF:2
LH:2
BRF:0
BRH:0
end_of_record
TN:
SF:Routes\Admin\vehiclesRoute.js
FNF:0
FNH:0
DA:5,2
DA:7,2
DA:9,2
DA:10,2
DA:11,2
DA:12,2
LF:6
LH:6
BRF:0
BRH:0
end_of_record
TN:
SF:Routes\User\userRoute.js
FNF:0
FNH:0
DA:5,2
DA:7,2
DA:8,2
LF:3
LH:3
BRF:0
BRH:0
end_of_record
TN:
SF:Routes\auth\authRoute.js
FNF:0
FNH:0
DA:4,2
DA:6,2
DA:7,2
DA:8,2
LF:4
LH:4
BRF:0
BRH:0
end_of_record
TN:
SF:helpers\cloudinary.js
FN:18,(anonymous_0)
FN:20,(anonymous_1)
FN:23,(anonymous_2)
FNF:3
FNH:0
FNDA:0,(anonymous_0)
FNDA:0,(anonymous_1)
FNDA:0,(anonymous_2)
DA:3,2
DA:8,2
DA:14,2
DA:16,2
DA:18,2
DA:20,0
DA:21,0
DA:24,0
DA:25,0
DA:30,0
LF:10
LH:5
BRDA:24,0,0,0
BRDA:24,0,1,0
BRF:2
BRH:0
end_of_record
